<?xml version="1.0" encoding="UTF-8"?>
<testng-results ignored="20" total="31" passed="10" failed="1" skipped="0">
  <reporter-output>
  </reporter-output>
  <suite started-at="2021-11-22T14:06:16 IST" name="Suite" finished-at="2021-11-22T14:08:49 IST" duration-ms="152277">
    <groups>
    </groups>
    <test started-at="2021-11-22T14:06:16 IST" name="Test" finished-at="2021-11-22T14:08:49 IST" duration-ms="152277">
      <class name="com.bigsmall.testCases.ClickLogoTC">
        <test-method signature="HomePage()[pri:0, instance:com.bigsmall.testCases.ClickLogoTC@3a80515c]" started-at="2021-11-22T14:07:19 IST" name="HomePage" finished-at="2021-11-22T14:07:35 IST" duration-ms="16348" status="PASS">
          <reporter-output>
          </reporter-output>
        </test-method> <!-- HomePage -->
      </class> <!-- com.bigsmall.testCases.ClickLogoTC -->
      <class name="com.bigsmall.testCases.CheckoutAutomation">
        <test-method signature="checkoutAutomation(java.lang.String,java.lang.String,java.lang.String,java.lang.String,java.lang.String,java.lang.String,java.lang.String,int,java.lang.String,java.lang.String)[pri:0, instance:com.bigsmall.testCases.CheckoutAutomation@7cd1ac19]" started-at="2021-11-22T14:06:40 IST" name="checkoutAutomation" data-provider="getDeliveryDetails" finished-at="2021-11-22T14:06:40 IST" duration-ms="58" status="FAIL">
          <exception class="org.testng.internal.reflect.MethodMatcherException">
            <message>
              <![CDATA[
[public void com.bigsmall.testCases.CheckoutAutomation.checkoutAutomation(java.lang.String,java.lang.String,java.lang.String,java.lang.String,java.lang.String,java.lang.String,java.lang.String,int,java.lang.String,java.lang.String) throws java.lang.InterruptedException] has no parameters defined but was found to be using a data provider (either explicitly specified or inherited from class level annotation).
Data provider mismatch
Method: checkoutAutomation([Parameter{index=0, type=java.lang.String, declaredAnnotations=[]}, Parameter{index=1, type=java.lang.String, declaredAnnotations=[]}, Parameter{index=2, type=java.lang.String, declaredAnnotations=[]}, Parameter{index=3, type=java.lang.String, declaredAnnotations=[]}, Parameter{index=4, type=java.lang.String, declaredAnnotations=[]}, Parameter{index=5, type=java.lang.String, declaredAnnotations=[]}, Parameter{index=6, type=java.lang.String, declaredAnnotations=[]}, Parameter{index=7, type=int, declaredAnnotations=[]}, Parameter{index=8, type=java.lang.String, declaredAnnotations=[]}, Parameter{index=9, type=java.lang.String, declaredAnnotations=[]}])
Arguments: [(java.lang.String) Harry,(java.lang.String) demo.shriyash12@gmail.com,(java.lang.String) Shreya,(java.lang.String) Dey,(java.lang.String) abc,(java.lang.String) xyz,(java.lang.String) Siliguri,(java.lang.String) 22.0,(java.lang.String) 445001.0,(java.lang.String) 7.477696707E9]]]>
            </message>
            <full-stacktrace>
              <![CDATA[org.testng.internal.reflect.MethodMatcherException: 
[public void com.bigsmall.testCases.CheckoutAutomation.checkoutAutomation(java.lang.String,java.lang.String,java.lang.String,java.lang.String,java.lang.String,java.lang.String,java.lang.String,int,java.lang.String,java.lang.String) throws java.lang.InterruptedException] has no parameters defined but was found to be using a data provider (either explicitly specified or inherited from class level annotation).
Data provider mismatch
Method: checkoutAutomation([Parameter{index=0, type=java.lang.String, declaredAnnotations=[]}, Parameter{index=1, type=java.lang.String, declaredAnnotations=[]}, Parameter{index=2, type=java.lang.String, declaredAnnotations=[]}, Parameter{index=3, type=java.lang.String, declaredAnnotations=[]}, Parameter{index=4, type=java.lang.String, declaredAnnotations=[]}, Parameter{index=5, type=java.lang.String, declaredAnnotations=[]}, Parameter{index=6, type=java.lang.String, declaredAnnotations=[]}, Parameter{index=7, type=int, declaredAnnotations=[]}, Parameter{index=8, type=java.lang.String, declaredAnnotations=[]}, Parameter{index=9, type=java.lang.String, declaredAnnotations=[]}])
Arguments: [(java.lang.String) Harry,(java.lang.String) demo.shriyash12@gmail.com,(java.lang.String) Shreya,(java.lang.String) Dey,(java.lang.String) abc,(java.lang.String) xyz,(java.lang.String) Siliguri,(java.lang.String) 22.0,(java.lang.String) 445001.0,(java.lang.String) 7.477696707E9]
at org.testng.internal.reflect.DataProviderMethodMatcher.getConformingArguments(DataProviderMethodMatcher.java:43)
at org.testng.internal.Parameters.injectParameters(Parameters.java:914)
at org.testng.internal.MethodRunner.runInSequence(MethodRunner.java:34)
at org.testng.internal.TestInvoker$MethodInvocationAgent.invoke(TestInvoker.java:824)
at org.testng.internal.TestInvoker.invokeTestMethods(TestInvoker.java:146)
at org.testng.internal.TestMethodWorker.invokeTestMethods(TestMethodWorker.java:146)
at org.testng.internal.TestMethodWorker.run(TestMethodWorker.java:128)
at java.base/java.util.ArrayList.forEach(ArrayList.java:1511)
at org.testng.TestRunner.privateRun(TestRunner.java:794)
at org.testng.TestRunner.run(TestRunner.java:596)
at org.testng.SuiteRunner.runTest(SuiteRunner.java:377)
at org.testng.SuiteRunner.runSequentially(SuiteRunner.java:371)
at org.testng.SuiteRunner.privateRun(SuiteRunner.java:332)
at org.testng.SuiteRunner.run(SuiteRunner.java:276)
at org.testng.SuiteRunnerWorker.runSuite(SuiteRunnerWorker.java:53)
at org.testng.SuiteRunnerWorker.run(SuiteRunnerWorker.java:96)
at org.testng.TestNG.runSuitesSequentially(TestNG.java:1212)
at org.testng.TestNG.runSuitesLocally(TestNG.java:1134)
at org.testng.TestNG.runSuites(TestNG.java:1063)
at org.testng.TestNG.run(TestNG.java:1031)
at org.testng.remote.AbstractRemoteTestNG.run(AbstractRemoteTestNG.java:115)
at org.testng.remote.RemoteTestNG.initAndRun(RemoteTestNG.java:251)
at org.testng.remote.RemoteTestNG.main(RemoteTestNG.java:77)
]]>
            </full-stacktrace>
          </exception> <!-- org.testng.internal.reflect.MethodMatcherException -->
          <reporter-output>
          </reporter-output>
        </test-method> <!-- checkoutAutomation -->
      </class> <!-- com.bigsmall.testCases.CheckoutAutomation -->
      <class name="com.bigsmall.testCases.CorporateGiftsValidation">
        <test-method signature="corporateGifts(java.lang.String,java.lang.String,java.lang.String,java.lang.String)[pri:0, instance:com.bigsmall.testCases.CorporateGiftsValidation@3e2fc448]" started-at="2021-11-22T14:08:15 IST" name="corporateGifts" data-provider="getData" finished-at="2021-11-22T14:08:23 IST" duration-ms="8860" status="PASS">
          <params>
            <param index="0">
              <value>
                <![CDATA[Shreya]]>
              </value>
            </param>
            <param index="1">
              <value>
                <![CDATA[demo.shriyash12@gmail.com]]>
              </value>
            </param>
            <param index="2">
              <value>
                <![CDATA[7.477696707E9]]>
              </value>
            </param>
            <param index="3">
              <value>
                <![CDATA[This is an excel read enquiry]]>
              </value>
            </param>
          </params>
          <reporter-output>
          </reporter-output>
        </test-method> <!-- corporateGifts -->
      </class> <!-- com.bigsmall.testCases.CorporateGiftsValidation -->
      <class name="com.bigsmall.testCases.GiftCardAutomation">
        <test-method signature="HomePage()[pri:0, instance:com.bigsmall.testCases.GiftCardAutomation@1b39fd82]" started-at="2021-11-22T14:08:06 IST" name="HomePage" finished-at="2021-11-22T14:08:14 IST" duration-ms="8585" status="PASS">
          <reporter-output>
          </reporter-output>
        </test-method> <!-- HomePage -->
      </class> <!-- com.bigsmall.testCases.GiftCardAutomation -->
      <class name="com.bigsmall.testCases.HoverHeader">
        <test-method signature="hoverHeader()[pri:0, instance:com.bigsmall.testCases.HoverHeader@1804f60d]" started-at="2021-11-22T14:07:05 IST" name="hoverHeader" finished-at="2021-11-22T14:07:18 IST" duration-ms="13211" status="PASS">
          <reporter-output>
          </reporter-output>
        </test-method> <!-- hoverHeader -->
      </class> <!-- com.bigsmall.testCases.HoverHeader -->
      <class name="com.bigsmall.testCases.QtyIncrement">
        <test-method signature="qtyIncrement()[pri:0, instance:com.bigsmall.testCases.QtyIncrement@69c43e48]" started-at="2021-11-22T14:06:53 IST" name="qtyIncrement" finished-at="2021-11-22T14:07:05 IST" duration-ms="11992" status="PASS">
          <reporter-output>
          </reporter-output>
        </test-method> <!-- qtyIncrement -->
      </class> <!-- com.bigsmall.testCases.QtyIncrement -->
      <class name="com.bigsmall.testCases.CODAvailablityTC">
        <test-method signature="pinCodeValidation(java.lang.String)[pri:0, instance:com.bigsmall.testCases.CODAvailablityTC@547e29a4]" started-at="2021-11-22T14:07:36 IST" name="pinCodeValidation" data-provider="Pin" finished-at="2021-11-22T14:07:51 IST" duration-ms="15347" status="PASS">
          <params>
            <param index="0">
              <value>
                <![CDATA[411021.0]]>
              </value>
            </param>
          </params>
          <reporter-output>
          </reporter-output>
        </test-method> <!-- pinCodeValidation -->
        <test-method signature="pinCodeValidation(java.lang.String)[pri:0, instance:com.bigsmall.testCases.CODAvailablityTC@547e29a4]" started-at="2021-11-22T14:07:51 IST" name="pinCodeValidation" data-provider="Pin" finished-at="2021-11-22T14:08:05 IST" duration-ms="13685" status="PASS">
          <params>
            <param index="0">
              <value>
                <![CDATA[1234.0]]>
              </value>
            </param>
          </params>
          <reporter-output>
          </reporter-output>
        </test-method> <!-- pinCodeValidation -->
      </class> <!-- com.bigsmall.testCases.CODAvailablityTC -->
      <class name="com.bigsmall.testCases.SigninTC">
        <test-method signature="signIn(java.lang.String,java.lang.String)[pri:0, instance:com.bigsmall.testCases.SigninTC@3caa4757]" started-at="2021-11-22T14:06:41 IST" name="signIn" data-provider="getData" finished-at="2021-11-22T14:06:52 IST" duration-ms="11463" status="PASS">
          <params>
            <param index="0">
              <value>
                <![CDATA[demo.shriyash12@gmail.com]]>
              </value>
            </param>
            <param index="1">
              <value>
                <![CDATA[123456.0]]>
              </value>
            </param>
          </params>
          <reporter-output>
          </reporter-output>
        </test-method> <!-- signIn -->
        <test-method is-config="true" signature="teardown()[pri:0, instance:com.bigsmall.testCases.SigninTC@3caa4757]" started-at="2021-11-22T14:06:53 IST" name="teardown" finished-at="2021-11-22T14:06:53 IST" duration-ms="0" status="PASS">
          <reporter-output>
          </reporter-output>
        </test-method> <!-- teardown -->
      </class> <!-- com.bigsmall.testCases.SigninTC -->
      <class name="com.bigsmall.testCases.SearchProductTC">
        <test-method is-config="true" signature="initializeBrowser()[pri:0, instance:com.bigsmall.testCases.SearchProductTC@37d3d232]" started-at="2021-11-22T14:06:16 IST" name="initializeBrowser" finished-at="2021-11-22T14:06:19 IST" duration-ms="3004" status="PASS">
          <reporter-output>
          </reporter-output>
        </test-method> <!-- initializeBrowser -->
        <test-method signature="searchProduct(java.lang.String)[pri:0, instance:com.bigsmall.testCases.SearchProductTC@37d3d232]" started-at="2021-11-22T14:06:20 IST" name="searchProduct" data-provider="getSearchData" finished-at="2021-11-22T14:06:40 IST" duration-ms="19339" status="PASS">
          <params>
            <param index="0">
              <value>
                <![CDATA[pocket wa]]>
              </value>
            </param>
          </params>
          <reporter-output>
          </reporter-output>
        </test-method> <!-- searchProduct -->
        <test-method is-config="true" signature="tearDown()[pri:0, instance:com.bigsmall.testCases.SearchProductTC@37d3d232]" started-at="2021-11-22T14:08:48 IST" name="tearDown" finished-at="2021-11-22T14:08:49 IST" duration-ms="539" status="PASS">
          <reporter-output>
          </reporter-output>
        </test-method> <!-- tearDown -->
      </class> <!-- com.bigsmall.testCases.SearchProductTC -->
      <class name="com.bigsmall.testCases.AddToWishlist">
        <test-method signature="addToWishlist()[pri:0, instance:com.bigsmall.testCases.AddToWishlist@21680803]" started-at="2021-11-22T14:08:24 IST" name="addToWishlist" finished-at="2021-11-22T14:08:48 IST" duration-ms="24186" status="PASS">
          <reporter-output>
          </reporter-output>
        </test-method> <!-- addToWishlist -->
      </class> <!-- com.bigsmall.testCases.AddToWishlist -->
    </test> <!-- Test -->
  </suite> <!-- Suite -->
</testng-results>
