<?xml version="1.0" encoding="UTF-8"?>
<!-- Generated by org.testng.reporters.JUnitXMLReporter -->
<testsuite ignored="0" hostname="MT-5CD127785H" failures="0" tests="1" name="Test1" time="1.281" errors="0" timestamp="2021-11-22T00:58:42 IST">
  <testcase classname="com.bigsmall.testCases.SigninTC" name="@BeforeMethod startup" time="0.025">
    <failure type="java.lang.NullPointerException">
      <![CDATA[java.lang.NullPointerException
at com.bigsmall.testCases.SigninTC.startup(SigninTC.java:22)
at java.base/java.util.ArrayList.forEach(ArrayList.java:1541)
... Removed 32 stack frames]]>
    </failure>
  </testcase> <!-- @BeforeMethod startup -->
  <testcase classname="com.bigsmall.testCases.SigninTC" name="@AfterMethod teardown" time="-1.637522921957E9">
    <skipped/>
  </testcase> <!-- @AfterMethod teardown -->
  <testcase classname="com.bigsmall.testCases.SigninTC" name="signIn" time="0.0">
    <skipped/>
  </testcase> <!-- signIn -->
</testsuite> <!-- Test1 -->
