<?xml version="1.0" encoding="UTF-8"?>
<testng-results ignored="0" total="1" passed="1" failed="0" skipped="0">
  <reporter-output>
  </reporter-output>
  <suite started-at="2021-11-22T11:39:05 IST" name="Suite" finished-at="2021-11-22T11:39:24 IST" duration-ms="19549">
    <groups>
    </groups>
    <test started-at="2021-11-22T11:39:05 IST" name="Test" finished-at="2021-11-22T11:39:24 IST" duration-ms="19549">
      <class name="com.bigsmall.testCases.SearchProductTC">
        <test-method is-config="true" signature="initializeBrowser()[pri:0, instance:com.bigsmall.testCases.SearchProductTC@8c29097d]" started-at="2021-11-22T11:39:05 IST" name="initializeBrowser" finished-at="2021-11-22T11:39:07 IST" duration-ms="2594" status="PASS">
          <reporter-output>
          </reporter-output>
        </test-method> <!-- initializeBrowser -->
        <test-method signature="searchProduct(java.lang.String)[pri:0, instance:com.bigsmall.testCases.SearchProductTC@8c29097d]" started-at="2021-11-22T11:39:08 IST" name="searchProduct" data-provider="getSearchData" finished-at="2021-11-22T11:39:18 IST" duration-ms="10574" status="PASS">
          <params>
            <param index="0">
              <value>
                <![CDATA[pocket wa]]>
              </value>
            </param>
          </params>
          <reporter-output>
          </reporter-output>
        </test-method> <!-- searchProduct -->
        <test-method is-config="true" signature="tearDown()[pri:0, instance:com.bigsmall.testCases.SearchProductTC@8c29097d]" started-at="2021-11-22T11:39:23 IST" name="tearDown" finished-at="2021-11-22T11:39:24 IST" duration-ms="865" status="PASS">
          <reporter-output>
          </reporter-output>
        </test-method> <!-- tearDown -->
      </class> <!-- com.bigsmall.testCases.SearchProductTC -->
    </test> <!-- Test -->
  </suite> <!-- Suite -->
</testng-results>
